<?xml version="1.0" encoding="UTF-8"?>
<testsuite name="com.bookshop.catalogservice.web.BookControllerMvcTests" tests="1" skipped="0" failures="0" errors="0" timestamp="2024-11-13T10:58:37" hostname="ValeriedeMacBook-Pro.local" time="0.025">
  <properties/>
  <testcase name="whenGetBookNotExistingThenShouldReturn404()" classname="com.bookshop.catalogservice.web.BookControllerMvcTests" time="0.025"/>
  <system-out><![CDATA[2024-11-13T18:58:37.679+08:00  INFO 73095 --- [    Test worker] t.c.s.AnnotationConfigContextLoaderUtils : Could not detect default configuration classes for test class [com.bookshop.catalogservice.web.BookControllerMvcTests]: BookControllerMvcTests does not declare any static, non-private, non-final, nested classes annotated with @Configuration.
2024-11-13T18:58:37.698+08:00  INFO 73095 --- [    Test worker] .b.t.c.SpringBootTestContextBootstrapper : Found @SpringBootConfiguration com.bookshop.catalogservice.CatalogSeviceApplication for test class com.bookshop.catalogservice.web.BookControllerMvcTests

  .   ____          _            __ _ _
 /\\ / ___'_ __ _ _(_)_ __  __ _ \ \ \ \
( ( )\___ | '_ | '_| | '_ \/ _` | \ \ \ \
 \\/  ___)| |_)| | | | | || (_| |  ) ) ) )
  '  |____| .__|_| |_|_| |_\__, | / / / /
 =========|_|==============|___/=/_/_/_/

 :: Spring Boot ::                (v3.3.5)

2024-11-13T18:58:37.721+08:00  INFO 73095 --- [    Test worker] c.b.c.web.BookControllerMvcTests         : Starting BookControllerMvcTests using Java 17.0.13 with PID 73095 (started by valeriefan in /Users/valeriefan/Desktop/catalog-service)
2024-11-13T18:58:37.721+08:00  INFO 73095 --- [    Test worker] c.b.c.web.BookControllerMvcTests         : No active profile set, falling back to 1 default profile: "default"
2024-11-13T18:58:37.879+08:00  INFO 73095 --- [    Test worker] o.s.b.t.m.w.SpringBootMockServletContext : Initializing Spring TestDispatcherServlet ''
2024-11-13T18:58:37.879+08:00  INFO 73095 --- [    Test worker] o.s.t.web.servlet.TestDispatcherServlet  : Initializing Servlet ''
2024-11-13T18:58:37.880+08:00  INFO 73095 --- [    Test worker] o.s.t.web.servlet.TestDispatcherServlet  : Completed initialization in 0 ms
2024-11-13T18:58:37.889+08:00  INFO 73095 --- [    Test worker] c.b.c.web.BookControllerMvcTests         : Started BookControllerMvcTests in 0.187 seconds (process running for 1.946)
]]></system-out>
  <system-err><![CDATA[]]></system-err>
</testsuite>
