<?xml version="1.0" encoding="UTF-8"?>
<testsuite name="com.bookshop.catalogservice.web.BookJsonTests" tests="2" skipped="0" failures="0" errors="0" timestamp="2024-11-13T11:15:37" hostname="ValeriedeMacBook-Pro.local" time="0.029">
  <properties/>
  <testcase name="testSerialize()" classname="com.bookshop.catalogservice.web.BookJsonTests" time="0.014"/>
  <testcase name="testDeserialize()" classname="com.bookshop.catalogservice.web.BookJsonTests" time="0.014"/>
  <system-out><![CDATA[2024-11-13T19:15:37.257+08:00  INFO 75331 --- [    Test worker] t.c.s.AnnotationConfigContextLoaderUtils : Could not detect default configuration classes for test class [com.bookshop.catalogservice.web.BookJsonTests]: BookJsonTests does not declare any static, non-private, non-final, nested classes annotated with @Configuration.
2024-11-13T19:15:37.262+08:00  INFO 75331 --- [    Test worker] .b.t.c.SpringBootTestContextBootstrapper : Found @SpringBootConfiguration com.bookshop.catalogservice.CatalogSeviceApplication for test class com.bookshop.catalogservice.web.BookJsonTests

  .   ____          _            __ _ _
 /\\ / ___'_ __ _ _(_)_ __  __ _ \ \ \ \
( ( )\___ | '_ | '_| | '_ \/ _` | \ \ \ \
 \\/  ___)| |_)| | | | | || (_| |  ) ) ) )
  '  |____| .__|_| |_|_| |_\__, | / / / /
 =========|_|==============|___/=/_/_/_/

 :: Spring Boot ::                (v3.3.5)

2024-11-13T19:15:37.282+08:00  INFO 75331 --- [    Test worker] c.b.catalogservice.web.BookJsonTests     : Starting BookJsonTests using Java 17.0.13 with PID 75331 (started by valeriefan in /Users/valeriefan/Desktop/catalog-service)
2024-11-13T19:15:37.282+08:00  INFO 75331 --- [    Test worker] c.b.catalogservice.web.BookJsonTests     : No active profile set, falling back to 1 default profile: "default"
2024-11-13T19:15:37.328+08:00  INFO 75331 --- [    Test worker] c.b.catalogservice.web.BookJsonTests     : Started BookJsonTests in 0.063 seconds (process running for 2.039)
]]></system-out>
  <system-err><![CDATA[]]></system-err>
</testsuite>
