<?xml version="1.0" encoding="UTF-8"?>
<testsuite name="com.bookshop.catalogservice.web.BookJsonTests" tests="2" skipped="0" failures="0" errors="0" timestamp="2024-11-14T11:03:14" hostname="ValeriedeMacBook-Pro.local" time="0.023">
  <properties/>
  <testcase name="testSerialize()" classname="com.bookshop.catalogservice.web.BookJsonTests" time="0.008"/>
  <testcase name="testDeserialize()" classname="com.bookshop.catalogservice.web.BookJsonTests" time="0.014"/>
  <system-out><![CDATA[2024-11-14T19:03:13.678+08:00  INFO 6777 --- [catalog-service] [    Test worker] t.c.s.AnnotationConfigContextLoaderUtils : Could not detect default configuration classes for test class [com.bookshop.catalogservice.web.BookJsonTests]: BookJsonTests does not declare any static, non-private, non-final, nested classes annotated with @Configuration.
2024-11-14T19:03:13.681+08:00  INFO 6777 --- [catalog-service] [    Test worker] .b.t.c.SpringBootTestContextBootstrapper : Found @SpringBootConfiguration com.bookshop.catalogservice.CatalogServiceApplication for test class com.bookshop.catalogservice.web.BookJsonTests

  .   ____          _            __ _ _
 /\\ / ___'_ __ _ _(_)_ __  __ _ \ \ \ \
( ( )\___ | '_ | '_| | '_ \/ _` | \ \ \ \
 \\/  ___)| |_)| | | | | || (_| |  ) ) ) )
  '  |____| .__|_| |_|_| |_\__, | / / / /
 =========|_|==============|___/=/_/_/_/

 :: Spring Boot ::                (v3.3.5)

2024-11-14T19:03:14.405+08:00  INFO 6777 --- [catalog-service] [    Test worker] c.b.catalogservice.web.BookJsonTests     : Starting BookJsonTests using Java 17.0.13 with PID 6777 (started by valeriefan in /Users/valeriefan/Desktop/bookshop/catalog-service)
2024-11-14T19:03:14.406+08:00  INFO 6777 --- [catalog-service] [    Test worker] c.b.catalogservice.web.BookJsonTests     : No active profile set, falling back to 1 default profile: "default"
2024-11-14T19:03:14.407+08:00  INFO 6777 --- [catalog-service] [    Test worker] o.s.c.c.c.ConfigServerConfigDataLoader   : Fetching config from server at : http://localhost:8888
2024-11-14T19:03:14.407+08:00  INFO 6777 --- [catalog-service] [    Test worker] o.s.c.c.c.ConfigServerConfigDataLoader   : Located environment: name=catalog-service, profiles=[default], label=null, version=1ec5bff7cafa2c9f946e985b20f07922f49fb8ea, state=null
2024-11-14T19:03:14.452+08:00  INFO 6777 --- [catalog-service] [    Test worker] c.b.catalogservice.web.BookJsonTests     : Started BookJsonTests in 0.769 seconds (process running for 9.146)
]]></system-out>
  <system-err><![CDATA[]]></system-err>
</testsuite>
