<?xml version="1.0" encoding="UTF-8"?>
<testsuite name="com.bookshop.catalogservice.domain.BookRepositoryJdbcTests" tests="6" skipped="0" failures="0" errors="0" timestamp="2024-11-14T11:03:12" hostname="ValeriedeMacBook-Pro.local" time="0.047">
  <properties/>
  <testcase name="findBookByIsbnWhenNotExisting()" classname="com.bookshop.catalogservice.domain.BookRepositoryJdbcTests" time="0.007"/>
  <testcase name="existsByIsbnWhenExisting()" classname="com.bookshop.catalogservice.domain.BookRepositoryJdbcTests" time="0.009"/>
  <testcase name="deleteByIsbn()" classname="com.bookshop.catalogservice.domain.BookRepositoryJdbcTests" time="0.007"/>
  <testcase name="findBookByIsbnWhenExisting()" classname="com.bookshop.catalogservice.domain.BookRepositoryJdbcTests" time="0.007"/>
  <testcase name="existsByIsbnWhenNotExisting()" classname="com.bookshop.catalogservice.domain.BookRepositoryJdbcTests" time="0.002"/>
  <testcase name="findAllBooks()" classname="com.bookshop.catalogservice.domain.BookRepositoryJdbcTests" time="0.012"/>
  <system-out><![CDATA[2024-11-14T19:03:10.883+08:00  INFO 6777 --- [catalog-service] [    Test worker] t.c.s.AnnotationConfigContextLoaderUtils : Could not detect default configuration classes for test class [com.bookshop.catalogservice.domain.BookRepositoryJdbcTests]: BookRepositoryJdbcTests does not declare any static, non-private, non-final, nested classes annotated with @Configuration.
2024-11-14T19:03:10.894+08:00  INFO 6777 --- [catalog-service] [    Test worker] .b.t.c.SpringBootTestContextBootstrapper : Found @SpringBootConfiguration com.bookshop.catalogservice.CatalogServiceApplication for test class com.bookshop.catalogservice.domain.BookRepositoryJdbcTests

  .   ____          _            __ _ _
 /\\ / ___'_ __ _ _(_)_ __  __ _ \ \ \ \
( ( )\___ | '_ | '_| | '_ \/ _` | \ \ \ \
 \\/  ___)| |_)| | | | | || (_| |  ) ) ) )
  '  |____| .__|_| |_|_| |_\__, | / / / /
 =========|_|==============|___/=/_/_/_/

 :: Spring Boot ::                (v3.3.5)

2024-11-14T19:03:12.358+08:00  INFO 6777 --- [catalog-service] [    Test worker] c.b.c.domain.BookRepositoryJdbcTests     : Starting BookRepositoryJdbcTests using Java 17.0.13 with PID 6777 (started by valeriefan in /Users/valeriefan/Desktop/bookshop/catalog-service)
2024-11-14T19:03:12.359+08:00  INFO 6777 --- [catalog-service] [    Test worker] c.b.c.domain.BookRepositoryJdbcTests     : The following 1 profile is active: "integration"
2024-11-14T19:03:12.360+08:00  INFO 6777 --- [catalog-service] [    Test worker] o.s.c.c.c.ConfigServerConfigDataLoader   : Fetching config from server at : http://localhost:8888
2024-11-14T19:03:12.361+08:00  INFO 6777 --- [catalog-service] [    Test worker] o.s.c.c.c.ConfigServerConfigDataLoader   : Located environment: name=catalog-service, profiles=[default], label=null, version=1ec5bff7cafa2c9f946e985b20f07922f49fb8ea, state=null
2024-11-14T19:03:12.361+08:00  INFO 6777 --- [catalog-service] [    Test worker] o.s.c.c.c.ConfigServerConfigDataLoader   : Fetching config from server at : http://localhost:8888
2024-11-14T19:03:12.361+08:00  INFO 6777 --- [catalog-service] [    Test worker] o.s.c.c.c.ConfigServerConfigDataLoader   : Located environment: name=catalog-service, profiles=[integration], label=null, version=1ec5bff7cafa2c9f946e985b20f07922f49fb8ea, state=null
2024-11-14T19:03:12.411+08:00  INFO 6777 --- [catalog-service] [    Test worker] .s.d.r.c.RepositoryConfigurationDelegate : Bootstrapping Spring Data JDBC repositories in DEFAULT mode.
2024-11-14T19:03:12.416+08:00  INFO 6777 --- [catalog-service] [    Test worker] .s.d.r.c.RepositoryConfigurationDelegate : Finished Spring Data repository scanning in 4 ms. Found 1 JDBC repository interface.
2024-11-14T19:03:12.441+08:00  INFO 6777 --- [catalog-service] [    Test worker] com.zaxxer.hikari.HikariDataSource       : HikariPool-2 - Starting...
2024-11-14T19:03:12.460+08:00  INFO 6777 --- [catalog-service] [    Test worker] com.zaxxer.hikari.pool.HikariPool        : HikariPool-2 - Added connection org.testcontainers.jdbc.ConnectionWrapper@1483ecad
2024-11-14T19:03:12.463+08:00  INFO 6777 --- [catalog-service] [    Test worker] com.zaxxer.hikari.HikariDataSource       : HikariPool-2 - Start completed.
2024-11-14T19:03:12.464+08:00  INFO 6777 --- [catalog-service] [    Test worker] org.flywaydb.core.FlywayExecutor         : Database: jdbc:postgresql://localhost:55487/test (PostgreSQL 14.4)
2024-11-14T19:03:12.473+08:00  INFO 6777 --- [catalog-service] [    Test worker] o.f.core.internal.command.DbValidate     : Successfully validated 2 migrations (execution time 00:00.004s)
2024-11-14T19:03:12.495+08:00  INFO 6777 --- [catalog-service] [    Test worker] o.f.core.internal.command.DbMigrate      : Current version of schema "public": 2
2024-11-14T19:03:12.495+08:00  INFO 6777 --- [catalog-service] [    Test worker] o.f.core.internal.command.DbMigrate      : Schema "public" is up to date. No migration necessary.
2024-11-14T19:03:12.515+08:00  INFO 6777 --- [catalog-service] [    Test worker] c.b.c.domain.BookRepositoryJdbcTests     : Started BookRepositoryJdbcTests in 1.62 seconds (process running for 7.209)
]]></system-out>
  <system-err><![CDATA[]]></system-err>
</testsuite>
