<?xml version="1.0" encoding="UTF-8"?>
<testsuite name="com.bookshop.catalogservice.web.BookControllerMvcTests" tests="1" skipped="0" failures="0" errors="0" timestamp="2024-11-14T11:03:13" hostname="ValeriedeMacBook-Pro.local" time="0.018">
  <properties/>
  <testcase name="whenGetBookNotExistingThenShouldReturn404()" classname="com.bookshop.catalogservice.web.BookControllerMvcTests" time="0.018"/>
  <system-out><![CDATA[2024-11-14T19:03:12.708+08:00  INFO 6777 --- [catalog-service] [    Test worker] t.c.s.AnnotationConfigContextLoaderUtils : Could not detect default configuration classes for test class [com.bookshop.catalogservice.web.BookControllerMvcTests]: BookControllerMvcTests does not declare any static, non-private, non-final, nested classes annotated with @Configuration.
2024-11-14T19:03:12.725+08:00  INFO 6777 --- [catalog-service] [    Test worker] .b.t.c.SpringBootTestContextBootstrapper : Found @SpringBootConfiguration com.bookshop.catalogservice.CatalogServiceApplication for test class com.bookshop.catalogservice.web.BookControllerMvcTests

  .   ____          _            __ _ _
 /\\ / ___'_ __ _ _(_)_ __  __ _ \ \ \ \
( ( )\___ | '_ | '_| | '_ \/ _` | \ \ \ \
 \\/  ___)| |_)| | | | | || (_| |  ) ) ) )
  '  |____| .__|_| |_|_| |_\__, | / / / /
 =========|_|==============|___/=/_/_/_/

 :: Spring Boot ::                (v3.3.5)

2024-11-14T19:03:13.473+08:00  INFO 6777 --- [catalog-service] [    Test worker] c.b.c.web.BookControllerMvcTests         : Starting BookControllerMvcTests using Java 17.0.13 with PID 6777 (started by valeriefan in /Users/valeriefan/Desktop/bookshop/catalog-service)
2024-11-14T19:03:13.473+08:00  INFO 6777 --- [catalog-service] [    Test worker] c.b.c.web.BookControllerMvcTests         : No active profile set, falling back to 1 default profile: "default"
2024-11-14T19:03:13.474+08:00  INFO 6777 --- [catalog-service] [    Test worker] o.s.c.c.c.ConfigServerConfigDataLoader   : Fetching config from server at : http://localhost:8888
2024-11-14T19:03:13.474+08:00  INFO 6777 --- [catalog-service] [    Test worker] o.s.c.c.c.ConfigServerConfigDataLoader   : Located environment: name=catalog-service, profiles=[default], label=null, version=1ec5bff7cafa2c9f946e985b20f07922f49fb8ea, state=null
2024-11-14T19:03:13.643+08:00  INFO 6777 --- [catalog-service] [    Test worker] o.s.b.t.m.w.SpringBootMockServletContext : Initializing Spring TestDispatcherServlet ''
2024-11-14T19:03:13.643+08:00  INFO 6777 --- [catalog-service] [    Test worker] o.s.t.web.servlet.TestDispatcherServlet  : Initializing Servlet ''
2024-11-14T19:03:13.644+08:00  INFO 6777 --- [catalog-service] [    Test worker] o.s.t.web.servlet.TestDispatcherServlet  : Completed initialization in 1 ms
2024-11-14T19:03:13.653+08:00  INFO 6777 --- [catalog-service] [    Test worker] c.b.c.web.BookControllerMvcTests         : Started BookControllerMvcTests in 0.924 seconds (process running for 8.346)
]]></system-out>
  <system-err><![CDATA[]]></system-err>
</testsuite>
