<?xml version="1.0" encoding="UTF-8"?>
<testsuite name="com.bookshop.catalogservice.CatalogServiceApplicationTests" tests="4" skipped="0" failures="0" errors="0" timestamp="2024-11-13T10:58:36" hostname="ValeriedeMacBook-Pro.local" time="0.583">
  <properties/>
  <testcase name="whenDeleteRequestThenBookDeleted()" classname="com.bookshop.catalogservice.CatalogServiceApplicationTests" time="0.558"/>
  <testcase name="whenPutRequestThenBookUpdated()" classname="com.bookshop.catalogservice.CatalogServiceApplicationTests" time="0.01"/>
  <testcase name="whenPostRequestThenBookCreated()" classname="com.bookshop.catalogservice.CatalogServiceApplicationTests" time="0.005"/>
  <testcase name="whenGetRequestWithIdThenBookReturned()" classname="com.bookshop.catalogservice.CatalogServiceApplicationTests" time="0.007"/>
  <system-out><![CDATA[18:58:36.265 [Test worker] INFO org.springframework.test.context.support.AnnotationConfigContextLoaderUtils -- Could not detect default configuration classes for test class [com.bookshop.catalogservice.CatalogServiceApplicationTests]: CatalogServiceApplicationTests does not declare any static, non-private, non-final, nested classes annotated with @Configuration.
18:58:36.296 [Test worker] INFO org.springframework.boot.test.context.SpringBootTestContextBootstrapper -- Found @SpringBootConfiguration com.bookshop.catalogservice.CatalogSeviceApplication for test class com.bookshop.catalogservice.CatalogServiceApplicationTests

  .   ____          _            __ _ _
 /\\ / ___'_ __ _ _(_)_ __  __ _ \ \ \ \
( ( )\___ | '_ | '_| | '_ \/ _` | \ \ \ \
 \\/  ___)| |_)| | | | | || (_| |  ) ) ) )
  '  |____| .__|_| |_|_| |_\__, | / / / /
 =========|_|==============|___/=/_/_/_/

 :: Spring Boot ::                (v3.3.5)

2024-11-13T18:58:36.423+08:00  INFO 73095 --- [    Test worker] c.b.c.CatalogServiceApplicationTests     : Starting CatalogServiceApplicationTests using Java 17.0.13 with PID 73095 (started by valeriefan in /Users/valeriefan/Desktop/catalog-service)
2024-11-13T18:58:36.423+08:00  INFO 73095 --- [    Test worker] c.b.c.CatalogServiceApplicationTests     : No active profile set, falling back to 1 default profile: "default"
2024-11-13T18:58:36.729+08:00  INFO 73095 --- [    Test worker] o.s.b.w.embedded.tomcat.TomcatWebServer  : Tomcat initialized with port 0 (http)
2024-11-13T18:58:36.734+08:00  INFO 73095 --- [    Test worker] o.apache.catalina.core.StandardService   : Starting service [Tomcat]
2024-11-13T18:58:36.734+08:00  INFO 73095 --- [    Test worker] o.apache.catalina.core.StandardEngine    : Starting Servlet engine: [Apache Tomcat/10.1.31]
2024-11-13T18:58:36.757+08:00  INFO 73095 --- [    Test worker] o.a.c.c.C.[Tomcat].[localhost].[/]       : Initializing Spring embedded WebApplicationContext
2024-11-13T18:58:36.757+08:00  INFO 73095 --- [    Test worker] w.s.c.ServletWebServerApplicationContext : Root WebApplicationContext: initialization completed in 329 ms
2024-11-13T18:58:36.915+08:00  INFO 73095 --- [    Test worker] o.s.b.w.embedded.tomcat.TomcatWebServer  : Tomcat started on port 52185 (http) with context path '/'
2024-11-13T18:58:36.919+08:00  INFO 73095 --- [    Test worker] c.b.c.CatalogServiceApplicationTests     : Started CatalogServiceApplicationTests in 0.582 seconds (process running for 0.976)
2024-11-13T18:58:37.344+08:00 ERROR 73095 --- [    Test worker] i.n.r.d.DnsServerAddressStreamProviders  : Unable to load io.netty.resolver.dns.macos.MacOSDnsServerAddressStreamProvider, fallback to system defaults. This may result in incorrect DNS resolutions on MacOS. Check whether you have a dependency on 'io.netty:netty-resolver-dns-native-macos'. Use DEBUG level to see the full stack: java.lang.UnsatisfiedLinkError: failed to load the required native library
2024-11-13T18:58:37.437+08:00  INFO 73095 --- [o-auto-1-exec-1] o.a.c.c.C.[Tomcat].[localhost].[/]       : Initializing Spring DispatcherServlet 'dispatcherServlet'
2024-11-13T18:58:37.438+08:00  INFO 73095 --- [o-auto-1-exec-1] o.s.web.servlet.DispatcherServlet        : Initializing Servlet 'dispatcherServlet'
2024-11-13T18:58:37.438+08:00  INFO 73095 --- [o-auto-1-exec-1] o.s.web.servlet.DispatcherServlet        : Completed initialization in 0 ms
]]></system-out>
  <system-err><![CDATA[]]></system-err>
</testsuite>
